<?xml version="1.0" encoding="UTF-8"?>
<testsuite xmlns:xsi="http://www.w3.org/2001/XMLSchema-instance" xsi:noNamespaceSchemaLocation="https://maven.apache.org/surefire/maven-surefire-plugin/xsd/surefire-test-report.xsd" name="mavenpatientregistration.PatientServiceTest" time="0.032" tests="8" errors="0" skipped="0" failures="0">
  <properties>
[...]
</properties>
  <testcase name="testRemovePatient" classname="mavenpatientregistration.PatientServiceTest" time="0.003"/>
  <testcase name="testLoginSuccess" classname="mavenpatientregistration.PatientServiceTest" time="0.001"/>
  <testcase name="testRegisterPatientSuccessfully" classname="mavenpatientregistration.PatientServiceTest" time="0"/>
  <testcase name="testDuplicatePatientId" classname="mavenpatientregistration.PatientServiceTest" time="0.001"/>
  <testcase name="testLoginFailure" classname="mavenpatientregistration.PatientServiceTest" time="0.001"/>
  <testcase name="testRepeatedLogin" classname="mavenpatientregistration.PatientServiceTest" time="0"/>
  <testcase name="testPasswordNotEqual" classname="mavenpatientregistration.PatientServiceTest" time="0"/>
  <testcase name="testInvalidAge" classname="mavenpatientregistration.PatientServiceTest" time="0"/>
</testsuite>